# JRE version: Java(TM) SE Runtime Environment (8.0_202-b08) (build 1.8.0_202-b08)
# Java VM: Java HotSpot(TM) 64-Bit Server VM (25.202-b08 mixed mode bsd-amd64 compressed oops)
Heap:
 PSYoungGen      total 262144K, used 127901K [0x00000007a8000000, 0x00000007c0000000, 0x00000007c0000000)
  eden space 131072K, 97% used [0x00000007a8000000,0x00000007afce75f0,0x00000007b0000000)
  from space 131072K, 0% used [0x00000007b8000000,0x00000007b8000000,0x00000007c0000000)
  to   space 131072K, 0% used [0x00000007b0000000,0x00000007b0000000,0x00000007b8000000)
 ParOldGen       total 786432K, used 786383K [0x0000000778000000, 0x00000007a8000000, 0x00000007a8000000)
  object space 786432K, 99% used [0x0000000778000000,0x00000007a7ff3d10,0x00000007a8000000)
 Metaspace       used 18527K, capacity 18769K, committed 18944K, reserved 1067008K
  class space    used 1820K, capacity 1937K, committed 2048K, reserved 1048576K
GC Heap History (10 events):
Event: 20.115 GC heap before
{Heap before GC invocations=17 (full 5):
 PSYoungGen      total 262144K, used 131072K [0x00000007a8000000, 0x00000007c0000000, 0x00000007c0000000)
  eden space 131072K, 100% used [0x00000007a8000000,0x00000007b0000000,0x00000007b0000000)
  from space 131072K, 0% used [0x00000007b8000000,0x00000007b8000000,0x00000007c0000000)
  to   space 131072K, 0% used [0x00000007b0000000,0x00000007b0000000,0x00000007b8000000)
 ParOldGen       total 786432K, used 786432K [0x0000000778000000, 0x00000007a8000000, 0x00000007a8000000)
  object space 786432K, 100% used [0x0000000778000000,0x00000007a8000000,0x00000007a8000000)
 Metaspace       used 18511K, capacity 18769K, committed 18944K, reserved 1067008K
  class space    used 1820K, capacity 1937K, committed 2048K, reserved 1048576K
Event: 21.653 GC heap after
Heap after GC invocations=17 (full 5):
 PSYoungGen      total 262144K, used 31989K [0x00000007a8000000, 0x00000007c0000000, 0x00000007c0000000)
  eden space 131072K, 24% used [0x00000007a8000000,0x00000007a9f3d610,0x00000007b0000000)
  from space 131072K, 0% used [0x00000007b8000000,0x00000007b8000000,0x00000007c0000000)
  to   space 131072K, 0% used [0x00000007b0000000,0x00000007b0000000,0x00000007b8000000)
 ParOldGen       total 786432K, used 786205K [0x0000000778000000, 0x00000007a8000000, 0x00000007a8000000)
  object space 786432K, 99% used [0x0000000778000000,0x00000007a7fc7640,0x00000007a8000000)
 Metaspace       used 18511K, capacity 18769K, committed 18944K, reserved 1067008K
  class space    used 1820K, capacity 1937K, committed 2048K, reserved 1048576K
}
Event: 21.816 GC heap before
{Heap before GC invocations=18 (full 6):
 PSYoungGen      total 262144K, used 131072K [0x00000007a8000000, 0x00000007c0000000, 0x00000007c0000000)
  eden space 131072K, 100% used [0x00000007a8000000,0x00000007b0000000,0x00000007b0000000)
  from space 131072K, 0% used [0x00000007b8000000,0x00000007b8000000,0x00000007c0000000)
  to   space 131072K, 0% used [0x00000007b0000000,0x00000007b0000000,0x00000007b8000000)
 ParOldGen       total 786432K, used 786431K [0x0000000778000000, 0x00000007a8000000, 0x00000007a8000000)
  object space 786432K, 99% used [0x0000000778000000,0x00000007a7ffffc0,0x00000007a8000000)
 Metaspace       used 18515K, capacity 18769K, committed 18944K, reserved 1067008K
  class space    used 1820K, capacity 1937K, committed 2048K, reserved 1048576K
Event: 23.422 GC heap after
Heap after GC invocations=18 (full 6):
 PSYoungGen      total 262144K, used 57586K [0x00000007a8000000, 0x00000007c0000000, 0x00000007c0000000)
  eden space 131072K, 43% used [0x00000007a8000000,0x00000007ab83ca98,0x00000007b0000000)
  from space 131072K, 0% used [0x00000007b8000000,0x00000007b8000000,0x00000007c0000000)
  to   space 131072K, 0% used [0x00000007b0000000,0x00000007b0000000,0x00000007b8000000)
 ParOldGen       total 786432K, used 786253K [0x0000000778000000, 0x00000007a8000000, 0x00000007a8000000)
  object space 786432K, 99% used [0x0000000778000000,0x00000007a7fd37e8,0x00000007a8000000)
 Metaspace       used 18515K, capacity 18769K, committed 18944K, reserved 1067008K
  class space    used 1820K, capacity 1937K, committed 2048K, reserved 1048576K
}
Event: 23.533 GC heap before
{Heap before GC invocations=19 (full 7):
 PSYoungGen      total 262144K, used 131072K [0x00000007a8000000, 0x00000007c0000000, 0x00000007c0000000)
  eden space 131072K, 100% used [0x00000007a8000000,0x00000007b0000000,0x00000007b0000000)
  from space 131072K, 0% used [0x00000007b8000000,0x00000007b8000000,0x00000007c0000000)
  to   space 131072K, 0% used [0x00000007b0000000,0x00000007b0000000,0x00000007b8000000)
 ParOldGen       total 786432K, used 786255K [0x0000000778000000, 0x00000007a8000000, 0x00000007a8000000)
  object space 786432K, 99% used [0x0000000778000000,0x00000007a7fd3d30,0x00000007a8000000)
 Metaspace       used 18516K, capacity 18769K, committed 18944K, reserved 1067008K
  class space    used 1820K, capacity 1937K, committed 2048K, reserved 1048576K
Event: 25.135 GC heap after
Heap after GC invocations=19 (full 7):
 PSYoungGen      total 262144K, used 76423K [0x00000007a8000000, 0x00000007c0000000, 0x00000007c0000000)
  eden space 131072K, 58% used [0x00000007a8000000,0x00000007acaa1c58,0x00000007b0000000)
  from space 131072K, 0% used [0x00000007b8000000,0x00000007b8000000,0x00000007c0000000)
  to   space 131072K, 0% used [0x00000007b0000000,0x00000007b0000000,0x00000007b8000000)
 ParOldGen       total 786432K, used 786243K [0x0000000778000000, 0x00000007a8000000, 0x00000007a8000000)
  object space 786432K, 99% used [0x0000000778000000,0x00000007a7fd0d40,0x00000007a8000000)
 Metaspace       used 18516K, capacity 18769K, committed 18944K, reserved 1067008K
  class space    used 1820K, capacity 1937K, committed 2048K, reserved 1048576K
}
Event: 25.202 GC heap before
{Heap before GC invocations=20 (full 8):
 PSYoungGen      total 262144K, used 131072K [0x00000007a8000000, 0x00000007c0000000, 0x00000007c0000000)
  eden space 131072K, 100% used [0x00000007a8000000,0x00000007b0000000,0x00000007b0000000)
  from space 131072K, 0% used [0x00000007b8000000,0x00000007b8000000,0x00000007c0000000)
  to   space 131072K, 0% used [0x00000007b0000000,0x00000007b0000000,0x00000007b8000000)
 ParOldGen       total 786432K, used 786243K [0x0000000778000000, 0x00000007a8000000, 0x00000007a8000000)
  object space 786432K, 99% used [0x0000000778000000,0x00000007a7fd0d40,0x00000007a8000000)
 Metaspace       used 18516K, capacity 18769K, committed 18944K, reserved 1067008K
  class space    used 1820K, capacity 1937K, committed 2048K, reserved 1048576K
Event: 26.757 GC heap after
Heap after GC invocations=20 (full 8):
 PSYoungGen      total 262144K, used 87730K [0x00000007a8000000, 0x00000007c0000000, 0x00000007c0000000)
  eden space 131072K, 66% used [0x00000007a8000000,0x00000007ad5ac830,0x00000007b0000000)
  from space 131072K, 0% used [0x00000007b8000000,0x00000007b8000000,0x00000007c0000000)
  to   space 131072K, 0% used [0x00000007b0000000,0x00000007b0000000,0x00000007b8000000)
 ParOldGen       total 786432K, used 786243K [0x0000000778000000, 0x00000007a8000000, 0x00000007a8000000)
  object space 786432K, 99% used [0x0000000778000000,0x00000007a7fd0d08,0x00000007a8000000)
 Metaspace       used 18516K, capacity 18769K, committed 18944K, reserved 1067008K
  class space    used 1820K, capacity 1937K, committed 2048K, reserved 1048576K
}
Event: 26.833 GC heap before
{Heap before GC invocations=21 (full 9):
 PSYoungGen      total 262144K, used 131072K [0x00000007a8000000, 0x00000007c0000000, 0x00000007c0000000)
  eden space 131072K, 100% used [0x00000007a8000000,0x00000007b0000000,0x00000007b0000000)
  from space 131072K, 0% used [0x00000007b8000000,0x00000007b8000000,0x00000007c0000000)
  to   space 131072K, 0% used [0x00000007b0000000,0x00000007b0000000,0x00000007b8000000)
 ParOldGen       total 786432K, used 786431K [0x0000000778000000, 0x00000007a8000000, 0x00000007a8000000)
  object space 786432K, 99% used [0x0000000778000000,0x00000007a7fffff0,0x00000007a8000000)
 Metaspace       used 18519K, capacity 18769K, committed 18944K, reserved 1067008K
  class space    used 1820K, capacity 1937K, committed 2048K, reserved 1048576K
Event: 28.432 GC heap after
Heap after GC invocations=21 (full 9):
 PSYoungGen      total 262144K, used 96616K [0x00000007a8000000, 0x00000007c0000000, 0x00000007c0000000)
  eden space 131072K, 73% used [0x00000007a8000000,0x00000007ade5a158,0x00000007b0000000)
  from space 131072K, 0% used [0x00000007b8000000,0x00000007b8000000,0x00000007c0000000)
  to   space 131072K, 0% used [0x00000007b0000000,0x00000007b0000000,0x00000007b8000000)
 ParOldGen       total 786432K, used 786383K [0x0000000778000000, 0x00000007a8000000, 0x00000007a8000000)
  object space 786432K, 99% used [0x0000000778000000,0x00000007a7ff3d10,0x00000007a8000000)
 Metaspace       used 18519K, capacity 18769K, committed 18944K, reserved 1067008K
  class space    used 1820K, capacity 1937K, committed 2048K, reserved 1048576K
}

