# JRE version: Java(TM) SE Runtime Environment (8.0_202-b08) (build 1.8.0_202-b08)
# Java VM: Java HotSpot(TM) 64-Bit Server VM (25.202-b08 mixed mode bsd-amd64 compressed oops)
Heap:
 PSYoungGen      total 342528K, used 245115K [0x00000007a8000000, 0x00000007c0000000, 0x00000007c0000000)
  eden space 287744K, 85% used [0x00000007a8000000,0x00000007b6f25ab0,0x00000007b9900000)
  from space 54784K, 0% used [0x00000007bca80000,0x00000007bcab9278,0x00000007c0000000)
  to   space 50688K, 0% used [0x00000007b9900000,0x00000007b9900000,0x00000007bca80000)
 ParOldGen       total 786432K, used 194052K [0x0000000778000000, 0x00000007a8000000, 0x00000007a8000000)
  object space 786432K, 24% used [0x0000000778000000,0x0000000783d810e8,0x00000007a8000000)
 Metaspace       used 17284K, capacity 17489K, committed 17792K, reserved 1064960K
  class space    used 1707K, capacity 1811K, committed 1920K, reserved 1048576K
GC Heap History (10 events):
Event: 10.323 GC heap before
{Heap before GC invocations=26 (full 0):
 PSYoungGen      total 311296K, used 234592K [0x00000007a8000000, 0x00000007c0000000, 0x00000007c0000000)
  eden space 234496K, 100% used [0x00000007a8000000,0x00000007b6500000,0x00000007b6500000)
  from space 76800K, 0% used [0x00000007b6500000,0x00000007b6518000,0x00000007bb000000)
  to   space 72192K, 0% used [0x00000007bb980000,0x00000007bb980000,0x00000007c0000000)
 ParOldGen       total 786432K, used 193908K [0x0000000778000000, 0x00000007a8000000, 0x00000007a8000000)
  object space 786432K, 24% used [0x0000000778000000,0x0000000783d5d0e8,0x00000007a8000000)
 Metaspace       used 16230K, capacity 16497K, committed 16640K, reserved 1064960K
  class space    used 1663K, capacity 1779K, committed 1792K, reserved 1048576K
Event: 10.327 GC heap after
Heap after GC invocations=26 (full 0):
 PSYoungGen      total 326144K, used 498K [0x00000007a8000000, 0x00000007c0000000, 0x00000007c0000000)
  eden space 253952K, 0% used [0x00000007a8000000,0x00000007a8000000,0x00000007b7800000)
  from space 72192K, 0% used [0x00000007bb980000,0x00000007bb9fc970,0x00000007c0000000)
  to   space 67072K, 0% used [0x00000007b7800000,0x00000007b7800000,0x00000007bb980000)
 ParOldGen       total 786432K, used 193940K [0x0000000778000000, 0x00000007a8000000, 0x00000007a8000000)
  object space 786432K, 24% used [0x0000000778000000,0x0000000783d650e8,0x00000007a8000000)
 Metaspace       used 16230K, capacity 16497K, committed 16640K, reserved 1064960K
  class space    used 1663K, capacity 1779K, committed 1792K, reserved 1048576K
}
Event: 10.481 GC heap before
{Heap before GC invocations=27 (full 0):
 PSYoungGen      total 326144K, used 254450K [0x00000007a8000000, 0x00000007c0000000, 0x00000007c0000000)
  eden space 253952K, 100% used [0x00000007a8000000,0x00000007b7800000,0x00000007b7800000)
  from space 72192K, 0% used [0x00000007bb980000,0x00000007bb9fc970,0x00000007c0000000)
  to   space 67072K, 0% used [0x00000007b7800000,0x00000007b7800000,0x00000007bb980000)
 ParOldGen       total 786432K, used 193940K [0x0000000778000000, 0x00000007a8000000, 0x00000007a8000000)
  object space 786432K, 24% used [0x0000000778000000,0x0000000783d650e8,0x00000007a8000000)
 Metaspace       used 16230K, capacity 16497K, committed 16640K, reserved 1064960K
  class space    used 1663K, capacity 1779K, committed 1792K, reserved 1048576K
Event: 10.485 GC heap after
Heap after GC invocations=27 (full 0):
 PSYoungGen      total 321024K, used 310K [0x00000007a8000000, 0x00000007c0000000, 0x00000007c0000000)
  eden space 253952K, 0% used [0x00000007a8000000,0x00000007a8000000,0x00000007b7800000)
  from space 67072K, 0% used [0x00000007b7800000,0x00000007b784dba8,0x00000007bb980000)
  to   space 62976K, 0% used [0x00000007bc280000,0x00000007bc280000,0x00000007c0000000)
 ParOldGen       total 786432K, used 193964K [0x0000000778000000, 0x00000007a8000000, 0x00000007a8000000)
  object space 786432K, 24% used [0x0000000778000000,0x0000000783d6b0e8,0x00000007a8000000)
 Metaspace       used 16230K, capacity 16497K, committed 16640K, reserved 1064960K
  class space    used 1663K, capacity 1779K, committed 1792K, reserved 1048576K
}
Event: 10.645 GC heap before
{Heap before GC invocations=28 (full 0):
 PSYoungGen      total 321024K, used 254262K [0x00000007a8000000, 0x00000007c0000000, 0x00000007c0000000)
  eden space 253952K, 100% used [0x00000007a8000000,0x00000007b7800000,0x00000007b7800000)
  from space 67072K, 0% used [0x00000007b7800000,0x00000007b784dba8,0x00000007bb980000)
  to   space 62976K, 0% used [0x00000007bc280000,0x00000007bc280000,0x00000007c0000000)
 ParOldGen       total 786432K, used 193964K [0x0000000778000000, 0x00000007a8000000, 0x00000007a8000000)
  object space 786432K, 24% used [0x0000000778000000,0x0000000783d6b0e8,0x00000007a8000000)
 Metaspace       used 16230K, capacity 16497K, committed 16640K, reserved 1064960K
  class space    used 1663K, capacity 1779K, committed 1792K, reserved 1048576K
Event: 10.647 GC heap after
Heap after GC invocations=28 (full 0):
 PSYoungGen      total 334336K, used 192K [0x00000007a8000000, 0x00000007c0000000, 0x00000007c0000000)
  eden space 271360K, 0% used [0x00000007a8000000,0x00000007a8000000,0x00000007b8900000)
  from space 62976K, 0% used [0x00000007bc280000,0x00000007bc2b0000,0x00000007c0000000)
  to   space 58880K, 0% used [0x00000007b8900000,0x00000007b8900000,0x00000007bc280000)
 ParOldGen       total 786432K, used 193988K [0x0000000778000000, 0x00000007a8000000, 0x00000007a8000000)
  object space 786432K, 24% used [0x0000000778000000,0x0000000783d710e8,0x00000007a8000000)
 Metaspace       used 16230K, capacity 16497K, committed 16640K, reserved 1064960K
  class space    used 1663K, capacity 1779K, committed 1792K, reserved 1048576K
}
Event: 10.824 GC heap before
{Heap before GC invocations=29 (full 0):
 PSYoungGen      total 334336K, used 271552K [0x00000007a8000000, 0x00000007c0000000, 0x00000007c0000000)
  eden space 271360K, 100% used [0x00000007a8000000,0x00000007b8900000,0x00000007b8900000)
  from space 62976K, 0% used [0x00000007bc280000,0x00000007bc2b0000,0x00000007c0000000)
  to   space 58880K, 0% used [0x00000007b8900000,0x00000007b8900000,0x00000007bc280000)
 ParOldGen       total 786432K, used 193988K [0x0000000778000000, 0x00000007a8000000, 0x00000007a8000000)
  object space 786432K, 24% used [0x0000000778000000,0x0000000783d710e8,0x00000007a8000000)
 Metaspace       used 16231K, capacity 16497K, committed 16640K, reserved 1064960K
  class space    used 1663K, capacity 1779K, committed 1792K, reserved 1048576K
Event: 10.827 GC heap after
Heap after GC invocations=29 (full 0):
 PSYoungGen      total 330240K, used 160K [0x00000007a8000000, 0x00000007c0000000, 0x00000007c0000000)
  eden space 271360K, 0% used [0x00000007a8000000,0x00000007a8000000,0x00000007b8900000)
  from space 58880K, 0% used [0x00000007b8900000,0x00000007b8928000,0x00000007bc280000)
  to   space 54784K, 0% used [0x00000007bca80000,0x00000007bca80000,0x00000007c0000000)
 ParOldGen       total 786432K, used 194020K [0x0000000778000000, 0x00000007a8000000, 0x00000007a8000000)
  object space 786432K, 24% used [0x0000000778000000,0x0000000783d790e8,0x00000007a8000000)
 Metaspace       used 16231K, capacity 16497K, committed 16640K, reserved 1064960K
  class space    used 1663K, capacity 1779K, committed 1792K, reserved 1048576K
}
Event: 10.994 GC heap before
{Heap before GC invocations=30 (full 0):
 PSYoungGen      total 330240K, used 271520K [0x00000007a8000000, 0x00000007c0000000, 0x00000007c0000000)
  eden space 271360K, 100% used [0x00000007a8000000,0x00000007b8900000,0x00000007b8900000)
  from space 58880K, 0% used [0x00000007b8900000,0x00000007b8928000,0x00000007bc280000)
  to   space 54784K, 0% used [0x00000007bca80000,0x00000007bca80000,0x00000007c0000000)
 ParOldGen       total 786432K, used 194020K [0x0000000778000000, 0x00000007a8000000, 0x00000007a8000000)
  object space 786432K, 24% used [0x0000000778000000,0x0000000783d790e8,0x00000007a8000000)
 Metaspace       used 16231K, capacity 16497K, committed 16640K, reserved 1064960K
  class space    used 1663K, capacity 1779K, committed 1792K, reserved 1048576K
Event: 10.997 GC heap after
Heap after GC invocations=30 (full 0):
 PSYoungGen      total 342528K, used 228K [0x00000007a8000000, 0x00000007c0000000, 0x00000007c0000000)
  eden space 287744K, 0% used [0x00000007a8000000,0x00000007a8000000,0x00000007b9900000)
  from space 54784K, 0% used [0x00000007bca80000,0x00000007bcab9278,0x00000007c0000000)
  to   space 50688K, 0% used [0x00000007b9900000,0x00000007b9900000,0x00000007bca80000)
 ParOldGen       total 786432K, used 194052K [0x0000000778000000, 0x00000007a8000000, 0x00000007a8000000)
  object space 786432K, 24% used [0x0000000778000000,0x0000000783d810e8,0x00000007a8000000)
 Metaspace       used 16231K, capacity 16497K, committed 16640K, reserved 1064960K
  class space    used 1663K, capacity 1779K, committed 1792K, reserved 1048576K
}

