# JRE version: Java(TM) SE Runtime Environment (8.0_202-b08) (build 1.8.0_202-b08)
# Java VM: Java HotSpot(TM) 64-Bit Server VM (25.202-b08 mixed mode bsd-amd64 compressed oops)
Heap:
 PSYoungGen      total 262144K, used 19584K [0x00000007a8000000, 0x00000007c0000000, 0x00000007c0000000)
  eden space 136192K, 14% used [0x00000007a8000000,0x00000007a92ca488,0x00000007b0500000)
  from space 125952K, 0% used [0x00000007b0500000,0x00000007b0555ba8,0x00000007b8000000)
  to   space 119808K, 0% used [0x00000007b8b00000,0x00000007b8b00000,0x00000007c0000000)
 ParOldGen       total 786432K, used 195205K [0x0000000778000000, 0x00000007a8000000, 0x00000007a8000000)
  object space 786432K, 24% used [0x0000000778000000,0x0000000783ea16f8,0x00000007a8000000)
 Metaspace       used 17276K, capacity 17487K, committed 17792K, reserved 1064960K
  class space    used 1723K, capacity 1809K, committed 1920K, reserved 1048576K
GC Heap History (10 events):
Event: 8.305 GC heap before
{Heap before GC invocations=13 (full 0):
 PSYoungGen      total 262144K, used 131200K [0x00000007a8000000, 0x00000007c0000000, 0x00000007c0000000)
  eden space 131072K, 100% used [0x00000007a8000000,0x00000007b0000000,0x00000007b0000000)
  from space 131072K, 0% used [0x00000007b8000000,0x00000007b8020000,0x00000007c0000000)
  to   space 131072K, 0% used [0x00000007b0000000,0x00000007b0000000,0x00000007b8000000)
 ParOldGen       total 786432K, used 195077K [0x0000000778000000, 0x00000007a8000000, 0x00000007a8000000)
  object space 786432K, 24% used [0x0000000778000000,0x0000000783e816f8,0x00000007a8000000)
 Metaspace       used 16239K, capacity 16463K, committed 16640K, reserved 1064960K
  class space    used 1677K, capacity 1745K, committed 1792K, reserved 1048576K
Event: 8.309 GC heap after
Heap after GC invocations=13 (full 0):
 PSYoungGen      total 262144K, used 96K [0x00000007a8000000, 0x00000007c0000000, 0x00000007c0000000)
  eden space 131072K, 0% used [0x00000007a8000000,0x00000007a8000000,0x00000007b0000000)
  from space 131072K, 0% used [0x00000007b0000000,0x00000007b0018000,0x00000007b8000000)
  to   space 131072K, 0% used [0x00000007b8000000,0x00000007b8000000,0x00000007c0000000)
 ParOldGen       total 786432K, used 195101K [0x0000000778000000, 0x00000007a8000000, 0x00000007a8000000)
  object space 786432K, 24% used [0x0000000778000000,0x0000000783e876f8,0x00000007a8000000)
 Metaspace       used 16239K, capacity 16463K, committed 16640K, reserved 1064960K
  class space    used 1677K, capacity 1745K, committed 1792K, reserved 1048576K
}
Event: 8.436 GC heap before
{Heap before GC invocations=14 (full 0):
 PSYoungGen      total 262144K, used 131168K [0x00000007a8000000, 0x00000007c0000000, 0x00000007c0000000)
  eden space 131072K, 100% used [0x00000007a8000000,0x00000007b0000000,0x00000007b0000000)
  from space 131072K, 0% used [0x00000007b0000000,0x00000007b0018000,0x00000007b8000000)
  to   space 131072K, 0% used [0x00000007b8000000,0x00000007b8000000,0x00000007c0000000)
 ParOldGen       total 786432K, used 195101K [0x0000000778000000, 0x00000007a8000000, 0x00000007a8000000)
  object space 786432K, 24% used [0x0000000778000000,0x0000000783e876f8,0x00000007a8000000)
 Metaspace       used 16239K, capacity 16463K, committed 16640K, reserved 1064960K
  class space    used 1677K, capacity 1745K, committed 1792K, reserved 1048576K
Event: 8.439 GC heap after
Heap after GC invocations=14 (full 0):
 PSYoungGen      total 262144K, used 96K [0x00000007a8000000, 0x00000007c0000000, 0x00000007c0000000)
  eden space 131072K, 0% used [0x00000007a8000000,0x00000007a8000000,0x00000007b0000000)
  from space 131072K, 0% used [0x00000007b8000000,0x00000007b8018000,0x00000007c0000000)
  to   space 131072K, 0% used [0x00000007b0000000,0x00000007b0000000,0x00000007b8000000)
 ParOldGen       total 786432K, used 195125K [0x0000000778000000, 0x00000007a8000000, 0x00000007a8000000)
  object space 786432K, 24% used [0x0000000778000000,0x0000000783e8d6f8,0x00000007a8000000)
 Metaspace       used 16239K, capacity 16463K, committed 16640K, reserved 1064960K
  class space    used 1677K, capacity 1745K, committed 1792K, reserved 1048576K
}
Event: 8.571 GC heap before
{Heap before GC invocations=15 (full 0):
 PSYoungGen      total 262144K, used 131168K [0x00000007a8000000, 0x00000007c0000000, 0x00000007c0000000)
  eden space 131072K, 100% used [0x00000007a8000000,0x00000007b0000000,0x00000007b0000000)
  from space 131072K, 0% used [0x00000007b8000000,0x00000007b8018000,0x00000007c0000000)
  to   space 131072K, 0% used [0x00000007b0000000,0x00000007b0000000,0x00000007b8000000)
 ParOldGen       total 786432K, used 195125K [0x0000000778000000, 0x00000007a8000000, 0x00000007a8000000)
  object space 786432K, 24% used [0x0000000778000000,0x0000000783e8d6f8,0x00000007a8000000)
 Metaspace       used 16239K, capacity 16463K, committed 16640K, reserved 1064960K
  class space    used 1677K, capacity 1745K, committed 1792K, reserved 1048576K
Event: 8.575 GC heap after
Heap after GC invocations=15 (full 0):
 PSYoungGen      total 262144K, used 507K [0x00000007a8000000, 0x00000007c0000000, 0x00000007c0000000)
  eden space 131072K, 0% used [0x00000007a8000000,0x00000007a8000000,0x00000007b0000000)
  from space 131072K, 0% used [0x00000007b0000000,0x00000007b007ee18,0x00000007b8000000)
  to   space 131072K, 0% used [0x00000007b8000000,0x00000007b8000000,0x00000007c0000000)
 ParOldGen       total 786432K, used 195149K [0x0000000778000000, 0x00000007a8000000, 0x00000007a8000000)
  object space 786432K, 24% used [0x0000000778000000,0x0000000783e936f8,0x00000007a8000000)
 Metaspace       used 16239K, capacity 16463K, committed 16640K, reserved 1064960K
  class space    used 1677K, capacity 1745K, committed 1792K, reserved 1048576K
}
Event: 8.696 GC heap before
{Heap before GC invocations=16 (full 0):
 PSYoungGen      total 262144K, used 131579K [0x00000007a8000000, 0x00000007c0000000, 0x00000007c0000000)
  eden space 131072K, 100% used [0x00000007a8000000,0x00000007b0000000,0x00000007b0000000)
  from space 131072K, 0% used [0x00000007b0000000,0x00000007b007ee18,0x00000007b8000000)
  to   space 131072K, 0% used [0x00000007b8000000,0x00000007b8000000,0x00000007c0000000)
 ParOldGen       total 786432K, used 195149K [0x0000000778000000, 0x00000007a8000000, 0x00000007a8000000)
  object space 786432K, 24% used [0x0000000778000000,0x0000000783e936f8,0x00000007a8000000)
 Metaspace       used 16239K, capacity 16463K, committed 16640K, reserved 1064960K
  class space    used 1677K, capacity 1745K, committed 1792K, reserved 1048576K
Event: 8.700 GC heap after
Heap after GC invocations=16 (full 0):
 PSYoungGen      total 267264K, used 278K [0x00000007a8000000, 0x00000007c0000000, 0x00000007c0000000)
  eden space 136192K, 0% used [0x00000007a8000000,0x00000007a8000000,0x00000007b0500000)
  from space 131072K, 0% used [0x00000007b8000000,0x00000007b8045ba8,0x00000007c0000000)
  to   space 125952K, 0% used [0x00000007b0500000,0x00000007b0500000,0x00000007b8000000)
 ParOldGen       total 786432K, used 195173K [0x0000000778000000, 0x00000007a8000000, 0x00000007a8000000)
  object space 786432K, 24% used [0x0000000778000000,0x0000000783e996f8,0x00000007a8000000)
 Metaspace       used 16239K, capacity 16463K, committed 16640K, reserved 1064960K
  class space    used 1677K, capacity 1745K, committed 1792K, reserved 1048576K
}
Event: 8.817 GC heap before
{Heap before GC invocations=17 (full 0):
 PSYoungGen      total 267264K, used 136470K [0x00000007a8000000, 0x00000007c0000000, 0x00000007c0000000)
  eden space 136192K, 100% used [0x00000007a8000000,0x00000007b0500000,0x00000007b0500000)
  from space 131072K, 0% used [0x00000007b8000000,0x00000007b8045ba8,0x00000007c0000000)
  to   space 125952K, 0% used [0x00000007b0500000,0x00000007b0500000,0x00000007b8000000)
 ParOldGen       total 786432K, used 195173K [0x0000000778000000, 0x00000007a8000000, 0x00000007a8000000)
  object space 786432K, 24% used [0x0000000778000000,0x0000000783e996f8,0x00000007a8000000)
 Metaspace       used 16239K, capacity 16463K, committed 16640K, reserved 1064960K
  class space    used 1677K, capacity 1745K, committed 1792K, reserved 1048576K
Event: 8.820 GC heap after
Heap after GC invocations=17 (full 0):
 PSYoungGen      total 262144K, used 342K [0x00000007a8000000, 0x00000007c0000000, 0x00000007c0000000)
  eden space 136192K, 0% used [0x00000007a8000000,0x00000007a8000000,0x00000007b0500000)
  from space 125952K, 0% used [0x00000007b0500000,0x00000007b0555ba8,0x00000007b8000000)
  to   space 119808K, 0% used [0x00000007b8b00000,0x00000007b8b00000,0x00000007c0000000)
 ParOldGen       total 786432K, used 195205K [0x0000000778000000, 0x00000007a8000000, 0x00000007a8000000)
  object space 786432K, 24% used [0x0000000778000000,0x0000000783ea16f8,0x00000007a8000000)
 Metaspace       used 16239K, capacity 16463K, committed 16640K, reserved 1064960K
  class space    used 1677K, capacity 1745K, committed 1792K, reserved 1048576K
}

