# JRE version: Java(TM) SE Runtime Environment (8.0_202-b08) (build 1.8.0_202-b08)
# Java VM: Java HotSpot(TM) 64-Bit Server VM (25.202-b08 mixed mode bsd-amd64 compressed oops)
Heap:
 PSYoungGen      total 330240K, used 214607K [0x00000007a8000000, 0x00000007c0000000, 0x00000007c0000000)
  eden space 271360K, 79% used [0x00000007a8000000,0x00000007b5163d88,0x00000007b8900000)
  from space 58880K, 0% used [0x00000007b8900000,0x00000007b8930000,0x00000007bc280000)
  to   space 54784K, 0% used [0x00000007bca80000,0x00000007bca80000,0x00000007c0000000)
 ParOldGen       total 786432K, used 193691K [0x0000000778000000, 0x00000007a8000000, 0x00000007a8000000)
  object space 786432K, 24% used [0x0000000778000000,0x0000000783d26d58,0x00000007a8000000)
 Metaspace       used 17746K, capacity 18003K, committed 18304K, reserved 1064960K
  class space    used 1745K, capacity 1854K, committed 1920K, reserved 1048576K
GC Heap History (10 events):
Event: 9.014 GC heap before
{Heap before GC invocations=25 (full 0):
 PSYoungGen      total 316416K, used 234624K [0x00000007a8000000, 0x00000007c0000000, 0x00000007c0000000)
  eden space 234496K, 100% used [0x00000007a8000000,0x00000007b6500000,0x00000007b6500000)
  from space 81920K, 0% used [0x00000007bb000000,0x00000007bb020000,0x00000007c0000000)
  to   space 76800K, 0% used [0x00000007b6500000,0x00000007b6500000,0x00000007bb000000)
 ParOldGen       total 786432K, used 193531K [0x0000000778000000, 0x00000007a8000000, 0x00000007a8000000)
  object space 786432K, 24% used [0x0000000778000000,0x0000000783cfed58,0x00000007a8000000)
 Metaspace       used 16234K, capacity 16497K, committed 16640K, reserved 1064960K
  class space    used 1662K, capacity 1779K, committed 1792K, reserved 1048576K
Event: 9.016 GC heap after
Heap after GC invocations=25 (full 0):
 PSYoungGen      total 311296K, used 128K [0x00000007a8000000, 0x00000007c0000000, 0x00000007c0000000)
  eden space 234496K, 0% used [0x00000007a8000000,0x00000007a8000000,0x00000007b6500000)
  from space 76800K, 0% used [0x00000007b6500000,0x00000007b6520000,0x00000007bb000000)
  to   space 71680K, 0% used [0x00000007bba00000,0x00000007bba00000,0x00000007c0000000)
 ParOldGen       total 786432K, used 193563K [0x0000000778000000, 0x00000007a8000000, 0x00000007a8000000)
  object space 786432K, 24% used [0x0000000778000000,0x0000000783d06d58,0x00000007a8000000)
 Metaspace       used 16234K, capacity 16497K, committed 16640K, reserved 1064960K
  class space    used 1662K, capacity 1779K, committed 1792K, reserved 1048576K
}
Event: 9.169 GC heap before
{Heap before GC invocations=26 (full 0):
 PSYoungGen      total 311296K, used 234624K [0x00000007a8000000, 0x00000007c0000000, 0x00000007c0000000)
  eden space 234496K, 100% used [0x00000007a8000000,0x00000007b6500000,0x00000007b6500000)
  from space 76800K, 0% used [0x00000007b6500000,0x00000007b6520000,0x00000007bb000000)
  to   space 71680K, 0% used [0x00000007bba00000,0x00000007bba00000,0x00000007c0000000)
 ParOldGen       total 786432K, used 193563K [0x0000000778000000, 0x00000007a8000000, 0x00000007a8000000)
  object space 786432K, 24% used [0x0000000778000000,0x0000000783d06d58,0x00000007a8000000)
 Metaspace       used 16234K, capacity 16497K, committed 16640K, reserved 1064960K
  class space    used 1662K, capacity 1779K, committed 1792K, reserved 1048576K
Event: 9.171 GC heap after
Heap after GC invocations=26 (full 0):
 PSYoungGen      total 326144K, used 160K [0x00000007a8000000, 0x00000007c0000000, 0x00000007c0000000)
  eden space 254464K, 0% used [0x00000007a8000000,0x00000007a8000000,0x00000007b7880000)
  from space 71680K, 0% used [0x00000007bba00000,0x00000007bba28000,0x00000007c0000000)
  to   space 67072K, 0% used [0x00000007b7880000,0x00000007b7880000,0x00000007bba00000)
 ParOldGen       total 786432K, used 193595K [0x0000000778000000, 0x00000007a8000000, 0x00000007a8000000)
  object space 786432K, 24% used [0x0000000778000000,0x0000000783d0ed58,0x00000007a8000000)
 Metaspace       used 16234K, capacity 16497K, committed 16640K, reserved 1064960K
  class space    used 1662K, capacity 1779K, committed 1792K, reserved 1048576K
}
Event: 9.331 GC heap before
{Heap before GC invocations=27 (full 0):
 PSYoungGen      total 326144K, used 254624K [0x00000007a8000000, 0x00000007c0000000, 0x00000007c0000000)
  eden space 254464K, 100% used [0x00000007a8000000,0x00000007b7880000,0x00000007b7880000)
  from space 71680K, 0% used [0x00000007bba00000,0x00000007bba28000,0x00000007c0000000)
  to   space 67072K, 0% used [0x00000007b7880000,0x00000007b7880000,0x00000007bba00000)
 ParOldGen       total 786432K, used 193595K [0x0000000778000000, 0x00000007a8000000, 0x00000007a8000000)
  object space 786432K, 24% used [0x0000000778000000,0x0000000783d0ed58,0x00000007a8000000)
 Metaspace       used 16234K, capacity 16497K, committed 16640K, reserved 1064960K
  class space    used 1662K, capacity 1779K, committed 1792K, reserved 1048576K
Event: 9.333 GC heap after
Heap after GC invocations=27 (full 0):
 PSYoungGen      total 321536K, used 260K [0x00000007a8000000, 0x00000007c0000000, 0x00000007c0000000)
  eden space 254464K, 0% used [0x00000007a8000000,0x00000007a8000000,0x00000007b7880000)
  from space 67072K, 0% used [0x00000007b7880000,0x00000007b78c1278,0x00000007bba00000)
  to   space 62976K, 0% used [0x00000007bc280000,0x00000007bc280000,0x00000007c0000000)
 ParOldGen       total 786432K, used 193627K [0x0000000778000000, 0x00000007a8000000, 0x00000007a8000000)
  object space 786432K, 24% used [0x0000000778000000,0x0000000783d16d58,0x00000007a8000000)
 Metaspace       used 16234K, capacity 16497K, committed 16640K, reserved 1064960K
  class space    used 1662K, capacity 1779K, committed 1792K, reserved 1048576K
}
Event: 9.496 GC heap before
{Heap before GC invocations=28 (full 0):
 PSYoungGen      total 321536K, used 254724K [0x00000007a8000000, 0x00000007c0000000, 0x00000007c0000000)
  eden space 254464K, 100% used [0x00000007a8000000,0x00000007b7880000,0x00000007b7880000)
  from space 67072K, 0% used [0x00000007b7880000,0x00000007b78c1278,0x00000007bba00000)
  to   space 62976K, 0% used [0x00000007bc280000,0x00000007bc280000,0x00000007c0000000)
 ParOldGen       total 786432K, used 193627K [0x0000000778000000, 0x00000007a8000000, 0x00000007a8000000)
  object space 786432K, 24% used [0x0000000778000000,0x0000000783d16d58,0x00000007a8000000)
 Metaspace       used 16235K, capacity 16497K, committed 16640K, reserved 1064960K
  class space    used 1662K, capacity 1779K, committed 1792K, reserved 1048576K
Event: 9.498 GC heap after
Heap after GC invocations=28 (full 0):
 PSYoungGen      total 334336K, used 184K [0x00000007a8000000, 0x00000007c0000000, 0x00000007c0000000)
  eden space 271360K, 0% used [0x00000007a8000000,0x00000007a8000000,0x00000007b8900000)
  from space 62976K, 0% used [0x00000007bc280000,0x00000007bc2ae1a8,0x00000007c0000000)
  to   space 58880K, 0% used [0x00000007b8900000,0x00000007b8900000,0x00000007bc280000)
 ParOldGen       total 786432K, used 193659K [0x0000000778000000, 0x00000007a8000000, 0x00000007a8000000)
  object space 786432K, 24% used [0x0000000778000000,0x0000000783d1ed58,0x00000007a8000000)
 Metaspace       used 16235K, capacity 16497K, committed 16640K, reserved 1064960K
  class space    used 1662K, capacity 1779K, committed 1792K, reserved 1048576K
}
Event: 9.666 GC heap before
{Heap before GC invocations=29 (full 0):
 PSYoungGen      total 334336K, used 271544K [0x00000007a8000000, 0x00000007c0000000, 0x00000007c0000000)
  eden space 271360K, 100% used [0x00000007a8000000,0x00000007b8900000,0x00000007b8900000)
  from space 62976K, 0% used [0x00000007bc280000,0x00000007bc2ae1a8,0x00000007c0000000)
  to   space 58880K, 0% used [0x00000007b8900000,0x00000007b8900000,0x00000007bc280000)
 ParOldGen       total 786432K, used 193659K [0x0000000778000000, 0x00000007a8000000, 0x00000007a8000000)
  object space 786432K, 24% used [0x0000000778000000,0x0000000783d1ed58,0x00000007a8000000)
 Metaspace       used 16235K, capacity 16497K, committed 16640K, reserved 1064960K
  class space    used 1662K, capacity 1779K, committed 1792K, reserved 1048576K
Event: 9.669 GC heap after
Heap after GC invocations=29 (full 0):
 PSYoungGen      total 330240K, used 192K [0x00000007a8000000, 0x00000007c0000000, 0x00000007c0000000)
  eden space 271360K, 0% used [0x00000007a8000000,0x00000007a8000000,0x00000007b8900000)
  from space 58880K, 0% used [0x00000007b8900000,0x00000007b8930000,0x00000007bc280000)
  to   space 54784K, 0% used [0x00000007bca80000,0x00000007bca80000,0x00000007c0000000)
 ParOldGen       total 786432K, used 193691K [0x0000000778000000, 0x00000007a8000000, 0x00000007a8000000)
  object space 786432K, 24% used [0x0000000778000000,0x0000000783d26d58,0x00000007a8000000)
 Metaspace       used 16235K, capacity 16497K, committed 16640K, reserved 1064960K
  class space    used 1662K, capacity 1779K, committed 1792K, reserved 1048576K
}

