# JRE version: Java(TM) SE Runtime Environment (8.0_202-b08) (build 1.8.0_202-b08)
# Java VM: Java HotSpot(TM) 64-Bit Server VM (25.202-b08 mixed mode bsd-amd64 compressed oops)
Heap:
 PSYoungGen      total 262144K, used 81278K [0x00000007a8000000, 0x00000007c0000000, 0x00000007c0000000)
  eden space 131072K, 62% used [0x00000007a8000000,0x00000007acf5fa08,0x00000007b0000000)
  from space 131072K, 0% used [0x00000007b0000000,0x00000007b0000000,0x00000007b8000000)
  to   space 131072K, 0% used [0x00000007b8000000,0x00000007b8000000,0x00000007c0000000)
 ParOldGen       total 786432K, used 786267K [0x0000000778000000, 0x00000007a8000000, 0x00000007a8000000)
  object space 786432K, 99% used [0x0000000778000000,0x00000007a7fd6c40,0x00000007a8000000)
 Metaspace       used 18450K, capacity 18649K, committed 18944K, reserved 1067008K
  class space    used 1818K, capacity 1937K, committed 2048K, reserved 1048576K
GC Heap History (10 events):
Event: 12.554 GC heap before
{Heap before GC invocations=15 (full 2):
 PSYoungGen      total 262144K, used 131072K [0x00000007a8000000, 0x00000007c0000000, 0x00000007c0000000)
  eden space 131072K, 100% used [0x00000007a8000000,0x00000007b0000000,0x00000007b0000000)
  from space 131072K, 0% used [0x00000007b0000000,0x00000007b0000000,0x00000007b8000000)
  to   space 131072K, 0% used [0x00000007b8000000,0x00000007b8000000,0x00000007c0000000)
 ParOldGen       total 786432K, used 715624K [0x0000000778000000, 0x00000007a8000000, 0x00000007a8000000)
  object space 786432K, 90% used [0x0000000778000000,0x00000007a3ada0a0,0x00000007a8000000)
 Metaspace       used 18439K, capacity 18649K, committed 18944K, reserved 1067008K
  class space    used 1818K, capacity 1937K, committed 2048K, reserved 1048576K
Event: 14.036 GC heap after
Heap after GC invocations=15 (full 2):
 PSYoungGen      total 262144K, used 0K [0x00000007a8000000, 0x00000007c0000000, 0x00000007c0000000)
  eden space 131072K, 0% used [0x00000007a8000000,0x00000007a8000000,0x00000007b0000000)
  from space 131072K, 0% used [0x00000007b0000000,0x00000007b0000000,0x00000007b8000000)
  to   space 131072K, 0% used [0x00000007b8000000,0x00000007b8000000,0x00000007c0000000)
 ParOldGen       total 786432K, used 745293K [0x0000000778000000, 0x00000007a8000000, 0x00000007a8000000)
  object space 786432K, 94% used [0x0000000778000000,0x00000007a57d3450,0x00000007a8000000)
 Metaspace       used 18439K, capacity 18649K, committed 18944K, reserved 1067008K
  class space    used 1818K, capacity 1937K, committed 2048K, reserved 1048576K
}
Event: 14.174 GC heap before
{Heap before GC invocations=16 (full 3):
 PSYoungGen      total 262144K, used 131072K [0x00000007a8000000, 0x00000007c0000000, 0x00000007c0000000)
  eden space 131072K, 100% used [0x00000007a8000000,0x00000007b0000000,0x00000007b0000000)
  from space 131072K, 0% used [0x00000007b0000000,0x00000007b0000000,0x00000007b8000000)
  to   space 131072K, 0% used [0x00000007b8000000,0x00000007b8000000,0x00000007c0000000)
 ParOldGen       total 786432K, used 745293K [0x0000000778000000, 0x00000007a8000000, 0x00000007a8000000)
  object space 786432K, 94% used [0x0000000778000000,0x00000007a57d36a0,0x00000007a8000000)
 Metaspace       used 18439K, capacity 18649K, committed 18944K, reserved 1067008K
  class space    used 1818K, capacity 1937K, committed 2048K, reserved 1048576K
Event: 18.340 GC heap after
Heap after GC invocations=16 (full 3):
 PSYoungGen      total 262144K, used 0K [0x00000007a8000000, 0x00000007c0000000, 0x00000007c0000000)
  eden space 131072K, 0% used [0x00000007a8000000,0x00000007a8000000,0x00000007b0000000)
  from space 131072K, 0% used [0x00000007b0000000,0x00000007b0000000,0x00000007b8000000)
  to   space 131072K, 0% used [0x00000007b8000000,0x00000007b8000000,0x00000007c0000000)
 ParOldGen       total 786432K, used 774710K [0x0000000778000000, 0x00000007a8000000, 0x00000007a8000000)
  object space 786432K, 98% used [0x0000000778000000,0x00000007a748d8b8,0x00000007a8000000)
 Metaspace       used 18439K, capacity 18649K, committed 18944K, reserved 1067008K
  class space    used 1818K, capacity 1937K, committed 2048K, reserved 1048576K
}
Event: 18.582 GC heap before
{Heap before GC invocations=17 (full 4):
 PSYoungGen      total 262144K, used 131072K [0x00000007a8000000, 0x00000007c0000000, 0x00000007c0000000)
  eden space 131072K, 100% used [0x00000007a8000000,0x00000007b0000000,0x00000007b0000000)
  from space 131072K, 0% used [0x00000007b0000000,0x00000007b0000000,0x00000007b8000000)
  to   space 131072K, 0% used [0x00000007b8000000,0x00000007b8000000,0x00000007c0000000)
 ParOldGen       total 786432K, used 774750K [0x0000000778000000, 0x00000007a8000000, 0x00000007a8000000)
  object space 786432K, 98% used [0x0000000778000000,0x00000007a7497928,0x00000007a8000000)
 Metaspace       used 18439K, capacity 18649K, committed 18944K, reserved 1067008K
  class space    used 1818K, capacity 1937K, committed 2048K, reserved 1048576K
Event: 20.334 GC heap after
Heap after GC invocations=17 (full 4):
 PSYoungGen      total 262144K, used 21687K [0x00000007a8000000, 0x00000007c0000000, 0x00000007c0000000)
  eden space 131072K, 16% used [0x00000007a8000000,0x00000007a952de78,0x00000007b0000000)
  from space 131072K, 0% used [0x00000007b0000000,0x00000007b0000000,0x00000007b8000000)
  to   space 131072K, 0% used [0x00000007b8000000,0x00000007b8000000,0x00000007c0000000)
 ParOldGen       total 786432K, used 786310K [0x0000000778000000, 0x00000007a8000000, 0x00000007a8000000)
  object space 786432K, 99% used [0x0000000778000000,0x00000007a7fe18d8,0x00000007a8000000)
 Metaspace       used 18439K, capacity 18649K, committed 18944K, reserved 1067008K
  class space    used 1818K, capacity 1937K, committed 2048K, reserved 1048576K
}
Event: 20.355 GC heap before
{Heap before GC invocations=18 (full 5):
 PSYoungGen      total 262144K, used 25967K [0x00000007a8000000, 0x00000007c0000000, 0x00000007c0000000)
  eden space 131072K, 19% used [0x00000007a8000000,0x00000007a995bc70,0x00000007b0000000)
  from space 131072K, 0% used [0x00000007b0000000,0x00000007b0000000,0x00000007b8000000)
  to   space 131072K, 0% used [0x00000007b8000000,0x00000007b8000000,0x00000007c0000000)
 ParOldGen       total 786432K, used 786310K [0x0000000778000000, 0x00000007a8000000, 0x00000007a8000000)
  object space 786432K, 99% used [0x0000000778000000,0x00000007a7fe18d8,0x00000007a8000000)
 Metaspace       used 18439K, capacity 18649K, committed 18944K, reserved 1067008K
  class space    used 1818K, capacity 1937K, committed 2048K, reserved 1048576K
Event: 21.855 GC heap after
Heap after GC invocations=18 (full 5):
 PSYoungGen      total 262144K, used 22309K [0x00000007a8000000, 0x00000007c0000000, 0x00000007c0000000)
  eden space 131072K, 17% used [0x00000007a8000000,0x00000007a95c9788,0x00000007b0000000)
  from space 131072K, 0% used [0x00000007b0000000,0x00000007b0000000,0x00000007b8000000)
  to   space 131072K, 0% used [0x00000007b8000000,0x00000007b8000000,0x00000007c0000000)
 ParOldGen       total 786432K, used 786273K [0x0000000778000000, 0x00000007a8000000, 0x00000007a8000000)
  object space 786432K, 99% used [0x0000000778000000,0x00000007a7fd8638,0x00000007a8000000)
 Metaspace       used 18439K, capacity 18649K, committed 18944K, reserved 1067008K
  class space    used 1818K, capacity 1937K, committed 2048K, reserved 1048576K
}
Event: 21.975 GC heap before
{Heap before GC invocations=19 (full 6):
 PSYoungGen      total 262144K, used 131072K [0x00000007a8000000, 0x00000007c0000000, 0x00000007c0000000)
  eden space 131072K, 100% used [0x00000007a8000000,0x00000007b0000000,0x00000007b0000000)
  from space 131072K, 0% used [0x00000007b0000000,0x00000007b0000000,0x00000007b8000000)
  to   space 131072K, 0% used [0x00000007b8000000,0x00000007b8000000,0x00000007c0000000)
 ParOldGen       total 786432K, used 786273K [0x0000000778000000, 0x00000007a8000000, 0x00000007a8000000)
  object space 786432K, 99% used [0x0000000778000000,0x00000007a7fd8638,0x00000007a8000000)
 Metaspace       used 18439K, capacity 18649K, committed 18944K, reserved 1067008K
  class space    used 1818K, capacity 1937K, committed 2048K, reserved 1048576K
Event: 23.683 GC heap after
Heap after GC invocations=19 (full 6):
 PSYoungGen      total 262144K, used 45780K [0x00000007a8000000, 0x00000007c0000000, 0x00000007c0000000)
  eden space 131072K, 34% used [0x00000007a8000000,0x00000007aacb5230,0x00000007b0000000)
  from space 131072K, 0% used [0x00000007b0000000,0x00000007b0000000,0x00000007b8000000)
  to   space 131072K, 0% used [0x00000007b8000000,0x00000007b8000000,0x00000007c0000000)
 ParOldGen       total 786432K, used 786267K [0x0000000778000000, 0x00000007a8000000, 0x00000007a8000000)
  object space 786432K, 99% used [0x0000000778000000,0x00000007a7fd6c40,0x00000007a8000000)
 Metaspace       used 18439K, capacity 18649K, committed 18944K, reserved 1067008K
  class space    used 1818K, capacity 1937K, committed 2048K, reserved 1048576K
}

