# JRE version: Java(TM) SE Runtime Environment (8.0_202-b08) (build 1.8.0_202-b08)
# Java VM: Java HotSpot(TM) 64-Bit Server VM (25.202-b08 mixed mode bsd-amd64 compressed oops)
Heap:
 PSYoungGen      total 303616K, used 71100K [0x00000007a8000000, 0x00000007c0000000, 0x00000007c0000000)
  eden space 207872K, 34% used [0x00000007a8000000,0x00000007ac519708,0x00000007b4b00000)
  from space 95744K, 0% used [0x00000007ba280000,0x00000007ba2d5ba8,0x00000007c0000000)
  to   space 89600K, 0% used [0x00000007b4b00000,0x00000007b4b00000,0x00000007ba280000)
 ParOldGen       total 786432K, used 194660K [0x0000000778000000, 0x00000007a8000000, 0x00000007a8000000)
  object space 786432K, 24% used [0x0000000778000000,0x0000000783e193d8,0x00000007a8000000)
 Metaspace       used 17242K, capacity 17483K, committed 17792K, reserved 1064960K
  class space    used 1722K, capacity 1809K, committed 1920K, reserved 1048576K
GC Heap History (10 events):
Event: 8.277 GC heap before
{Heap before GC invocations=18 (full 0):
 PSYoungGen      total 262144K, used 136320K [0x00000007a8000000, 0x00000007c0000000, 0x00000007c0000000)
  eden space 136192K, 100% used [0x00000007a8000000,0x00000007b0500000,0x00000007b0500000)
  from space 125952K, 0% used [0x00000007b0500000,0x00000007b0520000,0x00000007b8000000)
  to   space 119808K, 0% used [0x00000007b8b00000,0x00000007b8b00000,0x00000007c0000000)
 ParOldGen       total 786432K, used 194500K [0x0000000778000000, 0x00000007a8000000, 0x00000007a8000000)
  object space 786432K, 24% used [0x0000000778000000,0x0000000783df13d8,0x00000007a8000000)
 Metaspace       used 16206K, capacity 16459K, committed 16640K, reserved 1064960K
  class space    used 1676K, capacity 1745K, committed 1792K, reserved 1048576K
Event: 8.280 GC heap after
Heap after GC invocations=18 (full 0):
 PSYoungGen      total 279552K, used 192K [0x00000007a8000000, 0x00000007c0000000, 0x00000007c0000000)
  eden space 159744K, 0% used [0x00000007a8000000,0x00000007a8000000,0x00000007b1c00000)
  from space 119808K, 0% used [0x00000007b8b00000,0x00000007b8b30000,0x00000007c0000000)
  to   space 113664K, 0% used [0x00000007b1c00000,0x00000007b1c00000,0x00000007b8b00000)
 ParOldGen       total 786432K, used 194532K [0x0000000778000000, 0x00000007a8000000, 0x00000007a8000000)
  object space 786432K, 24% used [0x0000000778000000,0x0000000783df93d8,0x00000007a8000000)
 Metaspace       used 16206K, capacity 16459K, committed 16640K, reserved 1064960K
  class space    used 1676K, capacity 1745K, committed 1792K, reserved 1048576K
}
Event: 8.406 GC heap before
{Heap before GC invocations=19 (full 0):
 PSYoungGen      total 279552K, used 159936K [0x00000007a8000000, 0x00000007c0000000, 0x00000007c0000000)
  eden space 159744K, 100% used [0x00000007a8000000,0x00000007b1c00000,0x00000007b1c00000)
  from space 119808K, 0% used [0x00000007b8b00000,0x00000007b8b30000,0x00000007c0000000)
  to   space 113664K, 0% used [0x00000007b1c00000,0x00000007b1c00000,0x00000007b8b00000)
 ParOldGen       total 786432K, used 194532K [0x0000000778000000, 0x00000007a8000000, 0x00000007a8000000)
  object space 786432K, 24% used [0x0000000778000000,0x0000000783df93d8,0x00000007a8000000)
 Metaspace       used 16206K, capacity 16459K, committed 16640K, reserved 1064960K
  class space    used 1676K, capacity 1745K, committed 1792K, reserved 1048576K
Event: 8.408 GC heap after
Heap after GC invocations=19 (full 0):
 PSYoungGen      total 273408K, used 128K [0x00000007a8000000, 0x00000007c0000000, 0x00000007c0000000)
  eden space 159744K, 0% used [0x00000007a8000000,0x00000007a8000000,0x00000007b1c00000)
  from space 113664K, 0% used [0x00000007b1c00000,0x00000007b1c20000,0x00000007b8b00000)
  to   space 107520K, 0% used [0x00000007b9700000,0x00000007b9700000,0x00000007c0000000)
 ParOldGen       total 786432K, used 194564K [0x0000000778000000, 0x00000007a8000000, 0x00000007a8000000)
  object space 786432K, 24% used [0x0000000778000000,0x0000000783e013d8,0x00000007a8000000)
 Metaspace       used 16206K, capacity 16459K, committed 16640K, reserved 1064960K
  class space    used 1676K, capacity 1745K, committed 1792K, reserved 1048576K
}
Event: 8.535 GC heap before
{Heap before GC invocations=20 (full 0):
 PSYoungGen      total 273408K, used 159872K [0x00000007a8000000, 0x00000007c0000000, 0x00000007c0000000)
  eden space 159744K, 100% used [0x00000007a8000000,0x00000007b1c00000,0x00000007b1c00000)
  from space 113664K, 0% used [0x00000007b1c00000,0x00000007b1c20000,0x00000007b8b00000)
  to   space 107520K, 0% used [0x00000007b9700000,0x00000007b9700000,0x00000007c0000000)
 ParOldGen       total 786432K, used 194564K [0x0000000778000000, 0x00000007a8000000, 0x00000007a8000000)
  object space 786432K, 24% used [0x0000000778000000,0x0000000783e013d8,0x00000007a8000000)
 Metaspace       used 16206K, capacity 16459K, committed 16640K, reserved 1064960K
  class space    used 1676K, capacity 1745K, committed 1792K, reserved 1048576K
Event: 8.537 GC heap after
Heap after GC invocations=20 (full 0):
 PSYoungGen      total 291840K, used 160K [0x00000007a8000000, 0x00000007c0000000, 0x00000007c0000000)
  eden space 184320K, 0% used [0x00000007a8000000,0x00000007a8000000,0x00000007b3400000)
  from space 107520K, 0% used [0x00000007b9700000,0x00000007b9728000,0x00000007c0000000)
  to   space 101376K, 0% used [0x00000007b3400000,0x00000007b3400000,0x00000007b9700000)
 ParOldGen       total 786432K, used 194596K [0x0000000778000000, 0x00000007a8000000, 0x00000007a8000000)
  object space 786432K, 24% used [0x0000000778000000,0x0000000783e093d8,0x00000007a8000000)
 Metaspace       used 16206K, capacity 16459K, committed 16640K, reserved 1064960K
  class space    used 1676K, capacity 1745K, committed 1792K, reserved 1048576K
}
Event: 8.668 GC heap before
{Heap before GC invocations=21 (full 0):
 PSYoungGen      total 291840K, used 184480K [0x00000007a8000000, 0x00000007c0000000, 0x00000007c0000000)
  eden space 184320K, 100% used [0x00000007a8000000,0x00000007b3400000,0x00000007b3400000)
  from space 107520K, 0% used [0x00000007b9700000,0x00000007b9728000,0x00000007c0000000)
  to   space 101376K, 0% used [0x00000007b3400000,0x00000007b3400000,0x00000007b9700000)
 ParOldGen       total 786432K, used 194596K [0x0000000778000000, 0x00000007a8000000, 0x00000007a8000000)
  object space 786432K, 24% used [0x0000000778000000,0x0000000783e093d8,0x00000007a8000000)
 Metaspace       used 16206K, capacity 16459K, committed 16640K, reserved 1064960K
  class space    used 1676K, capacity 1745K, committed 1792K, reserved 1048576K
Event: 8.670 GC heap after
Heap after GC invocations=21 (full 0):
 PSYoungGen      total 285696K, used 434K [0x00000007a8000000, 0x00000007c0000000, 0x00000007c0000000)
  eden space 184320K, 0% used [0x00000007a8000000,0x00000007a8000000,0x00000007b3400000)
  from space 101376K, 0% used [0x00000007b3400000,0x00000007b346c970,0x00000007b9700000)
  to   space 95744K, 0% used [0x00000007ba280000,0x00000007ba280000,0x00000007c0000000)
 ParOldGen       total 786432K, used 194628K [0x0000000778000000, 0x00000007a8000000, 0x00000007a8000000)
  object space 786432K, 24% used [0x0000000778000000,0x0000000783e113d8,0x00000007a8000000)
 Metaspace       used 16206K, capacity 16459K, committed 16640K, reserved 1064960K
  class space    used 1676K, capacity 1745K, committed 1792K, reserved 1048576K
}
Event: 8.813 GC heap before
{Heap before GC invocations=22 (full 0):
 PSYoungGen      total 285696K, used 184754K [0x00000007a8000000, 0x00000007c0000000, 0x00000007c0000000)
  eden space 184320K, 100% used [0x00000007a8000000,0x00000007b3400000,0x00000007b3400000)
  from space 101376K, 0% used [0x00000007b3400000,0x00000007b346c970,0x00000007b9700000)
  to   space 95744K, 0% used [0x00000007ba280000,0x00000007ba280000,0x00000007c0000000)
 ParOldGen       total 786432K, used 194628K [0x0000000778000000, 0x00000007a8000000, 0x00000007a8000000)
  object space 786432K, 24% used [0x0000000778000000,0x0000000783e113d8,0x00000007a8000000)
 Metaspace       used 16206K, capacity 16459K, committed 16640K, reserved 1064960K
  class space    used 1676K, capacity 1745K, committed 1792K, reserved 1048576K
Event: 8.816 GC heap after
Heap after GC invocations=22 (full 0):
 PSYoungGen      total 303616K, used 342K [0x00000007a8000000, 0x00000007c0000000, 0x00000007c0000000)
  eden space 207872K, 0% used [0x00000007a8000000,0x00000007a8000000,0x00000007b4b00000)
  from space 95744K, 0% used [0x00000007ba280000,0x00000007ba2d5ba8,0x00000007c0000000)
  to   space 89600K, 0% used [0x00000007b4b00000,0x00000007b4b00000,0x00000007ba280000)
 ParOldGen       total 786432K, used 194660K [0x0000000778000000, 0x00000007a8000000, 0x00000007a8000000)
  object space 786432K, 24% used [0x0000000778000000,0x0000000783e193d8,0x00000007a8000000)
 Metaspace       used 16206K, capacity 16459K, committed 16640K, reserved 1064960K
  class space    used 1676K, capacity 1745K, committed 1792K, reserved 1048576K
}

