# JRE version: Java(TM) SE Runtime Environment (8.0_202-b08) (build 1.8.0_202-b08)
# Java VM: Java HotSpot(TM) 64-Bit Server VM (25.202-b08 mixed mode bsd-amd64 compressed oops)
Heap:
 PSYoungGen      total 330240K, used 138855K [0x00000007a8000000, 0x00000007c0000000, 0x00000007c0000000)
  eden space 271360K, 51% used [0x00000007a8000000,0x00000007b0771d30,0x00000007b8900000)
  from space 58880K, 0% used [0x00000007b8900000,0x00000007b8928000,0x00000007bc280000)
  to   space 54784K, 0% used [0x00000007bca80000,0x00000007bca80000,0x00000007c0000000)
 ParOldGen       total 786432K, used 193694K [0x0000000778000000, 0x00000007a8000000, 0x00000007a8000000)
  object space 786432K, 24% used [0x0000000778000000,0x0000000783d27b50,0x00000007a8000000)
 Metaspace       used 17704K, capacity 18003K, committed 18304K, reserved 1064960K
  class space    used 1745K, capacity 1854K, committed 1920K, reserved 1048576K
GC Heap History (10 events):
Event: 10.450 GC heap before
{Heap before GC invocations=25 (full 0):
 PSYoungGen      total 316416K, used 234592K [0x00000007a8000000, 0x00000007c0000000, 0x00000007c0000000)
  eden space 234496K, 100% used [0x00000007a8000000,0x00000007b6500000,0x00000007b6500000)
  from space 81920K, 0% used [0x00000007bb000000,0x00000007bb018000,0x00000007c0000000)
  to   space 76800K, 0% used [0x00000007b6500000,0x00000007b6500000,0x00000007bb000000)
 ParOldGen       total 786432K, used 193542K [0x0000000778000000, 0x00000007a8000000, 0x00000007a8000000)
  object space 786432K, 24% used [0x0000000778000000,0x0000000783d01b50,0x00000007a8000000)
 Metaspace       used 16231K, capacity 16497K, committed 16640K, reserved 1064960K
  class space    used 1662K, capacity 1779K, committed 1792K, reserved 1048576K
Event: 10.453 GC heap after
Heap after GC invocations=25 (full 0):
 PSYoungGen      total 311296K, used 160K [0x00000007a8000000, 0x00000007c0000000, 0x00000007c0000000)
  eden space 234496K, 0% used [0x00000007a8000000,0x00000007a8000000,0x00000007b6500000)
  from space 76800K, 0% used [0x00000007b6500000,0x00000007b6528000,0x00000007bb000000)
  to   space 72192K, 0% used [0x00000007bb980000,0x00000007bb980000,0x00000007c0000000)
 ParOldGen       total 786432K, used 193566K [0x0000000778000000, 0x00000007a8000000, 0x00000007a8000000)
  object space 786432K, 24% used [0x0000000778000000,0x0000000783d07b50,0x00000007a8000000)
 Metaspace       used 16231K, capacity 16497K, committed 16640K, reserved 1064960K
  class space    used 1662K, capacity 1779K, committed 1792K, reserved 1048576K
}
Event: 10.604 GC heap before
{Heap before GC invocations=26 (full 0):
 PSYoungGen      total 311296K, used 234656K [0x00000007a8000000, 0x00000007c0000000, 0x00000007c0000000)
  eden space 234496K, 100% used [0x00000007a8000000,0x00000007b6500000,0x00000007b6500000)
  from space 76800K, 0% used [0x00000007b6500000,0x00000007b6528000,0x00000007bb000000)
  to   space 72192K, 0% used [0x00000007bb980000,0x00000007bb980000,0x00000007c0000000)
 ParOldGen       total 786432K, used 193566K [0x0000000778000000, 0x00000007a8000000, 0x00000007a8000000)
  object space 786432K, 24% used [0x0000000778000000,0x0000000783d07b50,0x00000007a8000000)
 Metaspace       used 16231K, capacity 16497K, committed 16640K, reserved 1064960K
  class space    used 1662K, capacity 1779K, committed 1792K, reserved 1048576K
Event: 10.607 GC heap after
Heap after GC invocations=26 (full 0):
 PSYoungGen      total 326144K, used 342K [0x00000007a8000000, 0x00000007c0000000, 0x00000007c0000000)
  eden space 253952K, 0% used [0x00000007a8000000,0x00000007a8000000,0x00000007b7800000)
  from space 72192K, 0% used [0x00000007bb980000,0x00000007bb9d5ba8,0x00000007c0000000)
  to   space 67072K, 0% used [0x00000007b7800000,0x00000007b7800000,0x00000007bb980000)
 ParOldGen       total 786432K, used 193598K [0x0000000778000000, 0x00000007a8000000, 0x00000007a8000000)
  object space 786432K, 24% used [0x0000000778000000,0x0000000783d0fb50,0x00000007a8000000)
 Metaspace       used 16231K, capacity 16497K, committed 16640K, reserved 1064960K
  class space    used 1662K, capacity 1779K, committed 1792K, reserved 1048576K
}
Event: 10.767 GC heap before
{Heap before GC invocations=27 (full 0):
 PSYoungGen      total 326144K, used 254294K [0x00000007a8000000, 0x00000007c0000000, 0x00000007c0000000)
  eden space 253952K, 100% used [0x00000007a8000000,0x00000007b7800000,0x00000007b7800000)
  from space 72192K, 0% used [0x00000007bb980000,0x00000007bb9d5ba8,0x00000007c0000000)
  to   space 67072K, 0% used [0x00000007b7800000,0x00000007b7800000,0x00000007bb980000)
 ParOldGen       total 786432K, used 193598K [0x0000000778000000, 0x00000007a8000000, 0x00000007a8000000)
  object space 786432K, 24% used [0x0000000778000000,0x0000000783d0fb50,0x00000007a8000000)
 Metaspace       used 16231K, capacity 16497K, committed 16640K, reserved 1064960K
  class space    used 1662K, capacity 1779K, committed 1792K, reserved 1048576K
Event: 10.769 GC heap after
Heap after GC invocations=27 (full 0):
 PSYoungGen      total 321024K, used 128K [0x00000007a8000000, 0x00000007c0000000, 0x00000007c0000000)
  eden space 253952K, 0% used [0x00000007a8000000,0x00000007a8000000,0x00000007b7800000)
  from space 67072K, 0% used [0x00000007b7800000,0x00000007b7820000,0x00000007bb980000)
  to   space 62976K, 0% used [0x00000007bc280000,0x00000007bc280000,0x00000007c0000000)
 ParOldGen       total 786432K, used 193630K [0x0000000778000000, 0x00000007a8000000, 0x00000007a8000000)
  object space 786432K, 24% used [0x0000000778000000,0x0000000783d17b50,0x00000007a8000000)
 Metaspace       used 16231K, capacity 16497K, committed 16640K, reserved 1064960K
  class space    used 1662K, capacity 1779K, committed 1792K, reserved 1048576K
}
Event: 10.927 GC heap before
{Heap before GC invocations=28 (full 0):
 PSYoungGen      total 321024K, used 254080K [0x00000007a8000000, 0x00000007c0000000, 0x00000007c0000000)
  eden space 253952K, 100% used [0x00000007a8000000,0x00000007b7800000,0x00000007b7800000)
  from space 67072K, 0% used [0x00000007b7800000,0x00000007b7820000,0x00000007bb980000)
  to   space 62976K, 0% used [0x00000007bc280000,0x00000007bc280000,0x00000007c0000000)
 ParOldGen       total 786432K, used 193630K [0x0000000778000000, 0x00000007a8000000, 0x00000007a8000000)
  object space 786432K, 24% used [0x0000000778000000,0x0000000783d17b50,0x00000007a8000000)
 Metaspace       used 16231K, capacity 16497K, committed 16640K, reserved 1064960K
  class space    used 1662K, capacity 1779K, committed 1792K, reserved 1048576K
Event: 10.930 GC heap after
Heap after GC invocations=28 (full 0):
 PSYoungGen      total 334336K, used 466K [0x00000007a8000000, 0x00000007c0000000, 0x00000007c0000000)
  eden space 271360K, 0% used [0x00000007a8000000,0x00000007a8000000,0x00000007b8900000)
  from space 62976K, 0% used [0x00000007bc280000,0x00000007bc2f4970,0x00000007c0000000)
  to   space 58880K, 0% used [0x00000007b8900000,0x00000007b8900000,0x00000007bc280000)
 ParOldGen       total 786432K, used 193662K [0x0000000778000000, 0x00000007a8000000, 0x00000007a8000000)
  object space 786432K, 24% used [0x0000000778000000,0x0000000783d1fb50,0x00000007a8000000)
 Metaspace       used 16231K, capacity 16497K, committed 16640K, reserved 1064960K
  class space    used 1662K, capacity 1779K, committed 1792K, reserved 1048576K
}
Event: 11.103 GC heap before
{Heap before GC invocations=29 (full 0):
 PSYoungGen      total 334336K, used 271826K [0x00000007a8000000, 0x00000007c0000000, 0x00000007c0000000)
  eden space 271360K, 100% used [0x00000007a8000000,0x00000007b8900000,0x00000007b8900000)
  from space 62976K, 0% used [0x00000007bc280000,0x00000007bc2f4970,0x00000007c0000000)
  to   space 58880K, 0% used [0x00000007b8900000,0x00000007b8900000,0x00000007bc280000)
 ParOldGen       total 786432K, used 193662K [0x0000000778000000, 0x00000007a8000000, 0x00000007a8000000)
  object space 786432K, 24% used [0x0000000778000000,0x0000000783d1fb50,0x00000007a8000000)
 Metaspace       used 16231K, capacity 16497K, committed 16640K, reserved 1064960K
  class space    used 1662K, capacity 1779K, committed 1792K, reserved 1048576K
Event: 11.106 GC heap after
Heap after GC invocations=29 (full 0):
 PSYoungGen      total 330240K, used 160K [0x00000007a8000000, 0x00000007c0000000, 0x00000007c0000000)
  eden space 271360K, 0% used [0x00000007a8000000,0x00000007a8000000,0x00000007b8900000)
  from space 58880K, 0% used [0x00000007b8900000,0x00000007b8928000,0x00000007bc280000)
  to   space 54784K, 0% used [0x00000007bca80000,0x00000007bca80000,0x00000007c0000000)
 ParOldGen       total 786432K, used 193694K [0x0000000778000000, 0x00000007a8000000, 0x00000007a8000000)
  object space 786432K, 24% used [0x0000000778000000,0x0000000783d27b50,0x00000007a8000000)
 Metaspace       used 16231K, capacity 16497K, committed 16640K, reserved 1064960K
  class space    used 1662K, capacity 1779K, committed 1792K, reserved 1048576K
}

